2025-08-27 14:22:20,795 - INFO - Starting complete BDD dataset analysis...
2025-08-27 14:22:20,803 - INFO - Loading BDD dataset...
2025-08-27 14:22:37,415 - INFO - Loaded 69863 training samples
2025-08-27 14:22:38,999 - INFO - Loaded 10000 validation samples
2025-08-27 14:22:45,834 - INFO - Creating visualizations...
2025-08-27 14:22:56,359 - INFO - Static visualizations saved
2025-08-27 14:22:56,359 - INFO - Creating static dashboard images with counts & percentages...
2025-08-27 14:23:04,053 - INFO - Static dashboard images (with counts/percentages) saved to bdd_analysis_results
2025-08-27 14:23:04,155 - INFO - Generating comprehensive report...
2025-08-27 14:23:11,090 - INFO - Analyzing class distribution...
2025-08-27 14:23:11,802 - INFO - Analyzing bounding box statistics...
2025-08-27 14:23:13,578 - INFO - Analyzing environmental conditions...
2025-08-27 14:23:14,384 - INFO - Identifying anomalies and patterns...
2025-08-27 14:23:16,288 - INFO - Finding interesting samples...
2025-08-27 14:26:42,681 - INFO - Data quality issues saved to bdd_analysis_results\data_quality_issues.csv (n=0)
2025-08-27 14:26:59,082 - INFO - Scenario coverage reports saved (counts & low-cells)
2025-08-27 14:27:15,280 - INFO - Negative frames saved: 0
2025-08-27 14:27:15,299 - INFO - Report generation completed
2025-08-27 14:27:31,136 - INFO - Image quality (train) saved to bdd_analysis_results\image_quality_train.csv (n=800)
2025-08-27 14:27:39,109 - INFO - Image quality (val) saved to bdd_analysis_results\image_quality_val.csv (n=400)
2025-08-27 14:27:39,109 - INFO - Analysis completed successfully!
2025-08-27 14:27:39,109 - INFO - Results saved to: bdd_analysis_results
2025-08-28 13:28:09,422 - INFO - Starting complete BDD dataset analysis...
2025-08-28 13:28:09,422 - INFO - Loading BDD dataset...
2025-08-28 13:28:25,617 - INFO - Loaded 69863 training samples
2025-08-28 13:28:27,216 - INFO - Loaded 10000 validation samples
2025-08-28 13:28:34,306 - INFO - Creating visualizations...
2025-08-28 13:28:43,567 - INFO - Static visualizations saved
2025-08-28 13:28:43,567 - INFO - Creating dashboard images with counts & percentages...
2025-08-28 13:28:54,159 - INFO - Static dashboard images (with counts/percentages) saved to bdd_analysis_results
2025-08-28 13:28:54,279 - INFO - Generating comprehensive report...
2025-08-28 13:29:00,965 - INFO - Analyzing class distribution...
2025-08-28 13:29:01,610 - INFO - Analyzing bounding box statistics...
2025-08-28 13:29:03,194 - INFO - Analyzing environmental conditions...
2025-08-28 13:29:03,988 - INFO - Identifying anomalies and patterns...
2025-08-28 13:29:05,844 - INFO - Finding interesting samples...
2025-08-28 13:32:13,887 - INFO - Data quality issues saved to bdd_analysis_results\data_quality_issues.csv (n=0)
2025-08-28 13:32:29,486 - INFO - Scenario coverage reports saved (counts & low-cells)
2025-08-28 13:32:44,910 - INFO - Negative frames saved: 0
2025-08-28 13:32:44,920 - INFO - Report generation completed
2025-08-28 13:33:02,221 - INFO - Image quality (train) saved to bdd_analysis_results\image_quality_train.csv (n=800)
2025-08-28 13:33:10,055 - INFO - Image quality (val) saved to bdd_analysis_results\image_quality_val.csv (n=400)
2025-08-28 13:33:10,055 - INFO - Analysis completed successfully!
2025-08-28 13:33:10,059 - INFO - Results saved to: bdd_analysis_results
